ISim log file
Running: E:\Matha-pachhi\VLSI\projects\awgn\top_tb_isim_beh.exe -intstyle ise -gui -tclbatch isim.cmd -wdb E:/Matha-pachhi/VLSI/projects/awgn/top_tb_isim_beh.wdb 
ISim P.68d (signature 0x8ef4fb42)
WARNING: A WEBPACK license was found.
WARNING: Please use Xilinx License Configuration Manager to check out a full ISim license.
WARNING: ISim will run in Lite mode. Please refer to the ISim documentation for more information on the differences between the Lite and the Full version.
This is a Lite version of ISim.
Time resolution is 1 ps
# onerror resume
# wave add /
# run 1000 ns
Simulator is doing circuit initialization process.
Finished circuit initialization process.
Stopped at time : 110 ns : File "E:/Matha-pachhi/VLSI/projects/awgn/top_tb.v" Line 53
ISim P.68d (signature 0x8ef4fb42)
WARNING: A WEBPACK license was found.
WARNING: Please use Xilinx License Configuration Manager to check out a full ISim license.
WARNING: ISim will run in Lite mode. Please refer to the ISim documentation for more information on the differences between the Lite and the Full version.
This is a Lite version of ISim.
# run 1000 ns
Simulator is doing circuit initialization process.
Finished circuit initialization process.
Stopped at time : 110 ns : File "E:/Matha-pachhi/VLSI/projects/awgn/top_tb.v" Line 53
